=== Logging Started ===
[Fixed-time] Episode 1/20 -> Total reward -8330.70
[Fixed-time] Episode 2/20 -> Total reward -9188.10
[Fixed-time] Episode 3/20 -> Total reward -9252.80
[Fixed-time] Episode 4/20 -> Total reward -9695.10
[Fixed-time] Episode 5/20 -> Total reward -10019.30
[Fixed-time] Episode 6/20 -> Total reward -9354.50
[Fixed-time] Episode 7/20 -> Total reward -9213.70
[Fixed-time] Episode 8/20 -> Total reward -9465.80
[Fixed-time] Episode 9/20 -> Total reward -8922.50
[Fixed-time] Episode 10/20 -> Total reward -9703.20
[Fixed-time] Episode 11/20 -> Total reward -9056.60
[Fixed-time] Episode 12/20 -> Total reward -9407.40
[Fixed-time] Episode 13/20 -> Total reward -9211.60
[Fixed-time] Episode 14/20 -> Total reward -9659.60
[Fixed-time] Episode 15/20 -> Total reward -9486.70
[Fixed-time] Episode 16/20 -> Total reward -9607.00
[Fixed-time] Episode 17/20 -> Total reward -9737.60
[Fixed-time] Episode 18/20 -> Total reward -10042.30
[Fixed-time] Episode 19/20 -> Total reward -9395.10
[Fixed-time] Episode 20/20 -> Total reward -9999.80
=== Fixed-time Baseline Completed ===
Average reward = -9437.47
=== Logging Finished ===
